<?xml version="1.0" encoding="UTF-8"?>
<!-- Generated by org.testng.reporters.JUnitXMLReporter -->
<testsuite ignored="0" hostname="DESKTOP-IUVOT87" failures="0" tests="1" name="Test" time="0.24" errors="0" timestamp="2022-09-30T11:25:14 IST">
  <testcase classname="Generic.Baseclass" name="@BeforeMethod openbrowser" time="-1.664517314287E9">
    <failure type="org.testng.TestNGException" message="
Parameter &amp;apos;browser&amp;apos; is required by BeforeMethod on method openbrowser but has not been marked @Optional or defined
in C:\Users\Admin\eclipse-workspace\Newframework\testng.xml">
      <![CDATA[org.testng.TestNGException: 
Parameter 'browser' is required by BeforeMethod on method openbrowser but has not been marked @Optional or defined
in C:\Users\Admin\eclipse-workspace\Newframework\testng.xml
at java.base/java.util.ArrayList.forEach(ArrayList.java:1511)
... Removed 28 stack frames]]>
    </failure>
  </testcase> <!-- @BeforeMethod openbrowser -->
  <testcase classname="Generic.Baseclass" name="@AfterMethod closerapp" time="-1.664517314368E9">
    <skipped/>
  </testcase> <!-- @AfterMethod closerapp -->
  <testcase classname="Testscrpit.testcript1" name="search" time="0.0">
    <skipped/>
  </testcase> <!-- search -->
</testsuite> <!-- Test -->
